*** Using Compiler 'V6.21', folder: 'D:\keil5\core\ARM\ARMCLANG\Bin'
Build target 'empty_LP_MSPM0G3507_nortos_keil'
Before Build - User command #1: cmd.exe /C """D:\TI\M0_SDK\mspm0_sdk_2_02_00_05\tools\keil\syscfg.bat"" "D:\TI\M0_SDK\mspm0_sdk_2_02_00_05\PointRace3\keil\" "empty.syscfg""
Using Sysconfig Tool from "D:\TI\SYSCONFIG_1.21\sysconfig_cli.bat"
"Update the file located at <sdk path>/tools/keil/syscfg.bat to use a different version"
Running script...
Validating...
info: ADC_BAT(/ti/driverlib/ADC12) totalConversionRate: When Power Down Mode is set to Auto, ADC wakeup time may need to be considered in each sample window. Refer to the device specific data sheet for specifications on the ADC Wakeup Time.
info: PWM_0(/ti/driverlib/PWM): Peripheral does not retain register contents in STOP or STANDBY modes. User should take care to save and restore register configuration in application. See Retention Configuration section for more details.
info: SERVO_1(/ti/driverlib/PWM): Peripheral does not retain register contents in STOP or STANDBY modes. User should take care to save and restore register configuration in application. See Retention Configuration section for more details.
info: SPI_LCD(/ti/driverlib/SPI): Peripheral does not retain register contents in STOP or STANDBY modes. User should take care to save and restore register configuration in application. See Retention Configuration section for more details.
info: TIMER_0(/ti/driverlib/TIMER): Peripheral does not retain register contents in STOP or STANDBY modes. User should take care to save and restore register configuration in application. See Retention Configuration section for more details.
info: MSPMotor(/ti/driverlib/UART): Peripheral does not retain register contents in STOP or STANDBY modes. User should take care to save and restore register configuration in application. See Retention Configuration section for more details.
Generating Code (empty.syscfg)...
Unchanged D:\TI\M0_SDK\mspm0_sdk_2_02_00_05\PointRace3\ti_msp_dl_config.c...
Unchanged D:\TI\M0_SDK\mspm0_sdk_2_02_00_05\PointRace3\ti_msp_dl_config.h...
Unchanged D:\TI\M0_SDK\mspm0_sdk_2_02_00_05\PointRace3\Event.dot...
compiling app_basic.c...
compiling empty.c...
compiling clock.c...
compiling app_bat.c...
compiling app_motor.c...
compiling user.c...
compiling board.c...
compiling app_vl5310x.c...
compiling button.c...
compiling motor_set_speed.c...
compiling app_button.c...
compiling sast_lib_st7735s_chinese_font.c...
compiling vl53l0x_platform_log.c...
compiling imu.c...
compiling ti_msp_dl_config.c...
compiling sast_lib_st7735s_pic.c...
compiling interrupt.c...
compiling motor_crc.c...
compiling vl53l0x_api_strings.c...
compiling pid.c...
compiling app_linedetect.c...
compiling motor_read_enc.c...
compiling app_extend.c...
compiling app_PWM.c...
compiling vl53l0x_api_ranging.c...
compiling vl53l0x.c...
compiling vl53l0x_platform.c...
compiling sast_lib_st7735s.c...
compiling vl53l0x_api.c...
compiling vl53l0x_api_calibration.c...
compiling vl53l0x_api_core.c...
linking...
Program Size: Code=33292 RO-data=9064 RW-data=1912 ZI-data=5576  
FromELF: creating hex file...
".\Objects\empty_LP_MSPM0G3507_nortos_keil.axf" - 0 Error(s), 0 Warning(s).
Build Time Elapsed:  00:00:04
